#
# There is insufficient memory for the Java Runtime Environment to continue.
# Native memory allocation (mmap) failed to map 398458880 bytes. Error detail: G1 virtual space
# Possible reasons:
#   The system is out of physical RAM or swap space
#   This process is running with CompressedOops enabled, and the Java Heap may be blocking the growth of the native heap
# Possible solutions:
#   Reduce memory load on the system
#   Increase physical memory or swap space
#   Check if swap backing store is full
#   Decrease Java heap size (-Xmx/-Xms)
#   Decrease number of Java threads
#   Decrease Java thread stack sizes (-Xss)
#   Set larger code cache with -XX:ReservedCodeCacheSize=
#   JVM is running with Zero Based Compressed Oops mode in which the Java heap is
#     placed in the first 32GB address space. The Java Heap base address is the
#     maximum limit for the native heap growth. Please use -XX:HeapBaseMinAddress
#     to set the Java Heap base and to place the Java Heap above 32GB virtual address.
# This output file may be truncated or incomplete.
#
#  Out of Memory Error (os_windows.cpp:3828), pid=31356, tid=34932
#
# JRE version:  (21.0.5) (build )
# Java VM: OpenJDK 64-Bit Server VM (21.0.5+-13047016-b750.29, mixed mode, sharing, tiered, compressed oops, compressed class ptrs, g1 gc, windows-amd64)
# No core dump will be written. Minidumps are not enabled by default on client versions of Windows
#

---------------  S U M M A R Y ------------

Command Line: 

Host: AMD Ryzen 7 7435HS                             , 16 cores, 23G,  Windows 11 , 64 bit Build 26100 (10.0.26100.5074)
Time: Sat Sep 27 18:58:48 2025 India Standard Time elapsed time: 0.012197 seconds (0d 0h 0m 0s)

---------------  T H R E A D  ---------------

Current thread (0x0000010ce6b0f400):  JavaThread "Unknown thread" [_thread_in_vm, id=34932, stack(0x000000062b600000,0x000000062b700000) (1024K)]

Stack: [0x000000062b600000,0x000000062b700000]
Native frames: (J=compiled Java code, j=interpreted, Vv=VM code, C=native code)
V  [jvm.dll+0x6cfb29]
V  [jvm.dll+0x85df93]
V  [jvm.dll+0x8604ee]
V  [jvm.dll+0x860bd3]
V  [jvm.dll+0x27e6b6]
V  [jvm.dll+0x6cc385]
V  [jvm.dll+0x6c078a]
V  [jvm.dll+0x35525b]
V  [jvm.dll+0x35ceb6]
V  [jvm.dll+0x3aedd6]
V  [jvm.dll+0x3af0a8]
V  [jvm.dll+0x32792c]
V  [jvm.dll+0x32861b]
V  [jvm.dll+0x8259d9]
V  [jvm.dll+0x3bbfa8]
V  [jvm.dll+0x80ec88]
V  [jvm.dll+0x45015e]
V  [jvm.dll+0x4518c1]
C  [jli.dll+0x52ab]
C  [ucrtbase.dll+0x37b0]
C  [KERNEL32.DLL+0x2e8d7]
C  [ntdll.dll+0x8d9c]


---------------  P R O C E S S  ---------------

Threads class SMR info:
_java_thread_list=0x00007ffd28960808, length=0, elements={
}

Java Threads: ( => current thread )
Total: 0

Other Threads:
  0x0000010ce6b8a2b0 WorkerThread "GC Thread#0"                     [id=12836, stack(0x000000062b700000,0x000000062b800000) (1024K)]
  0x0000010ce6b97830 ConcurrentGCThread "G1 Main Marker"            [id=24364, stack(0x000000062b800000,0x000000062b900000) (1024K)]
  0x0000010ce6b99170 WorkerThread "G1 Conc#0"                       [id=30072, stack(0x000000062b900000,0x000000062ba00000) (1024K)]

[error occurred during error reporting (printing all threads), id 0xc0000005, EXCEPTION_ACCESS_VIOLATION (0xc0000005) at pc=0x00007ffd2815a967]
VM state: not at safepoint (not fully initialized)

VM Mutex/Monitor currently owned by a thread:  ([mutex/lock_event])
[0x00007ffd289cd460] Heap_lock - owner thread: 0x0000010ce6b0f400

Heap address: 0x0000000684c00000, size: 6068 MB, Compressed Oops mode: Zero based, Oop shift amount: 3

CDS archive(s) mapped at: [0x0000000000000000-0x0000000000000000-0x0000000000000000), size 0, SharedBaseAddress: 0x0000000800000000, ArchiveRelocationMode: 1.
Narrow klass base: 0x0000000000000000, Narrow klass shift: 0, Narrow klass range: 0x0

GC Precious Log:
 CardTable entry size: 512
 Card Set container configuration: InlinePtr #cards 4 size 8 Array Of Cards #cards 32 size 80 Howl #buckets 8 coarsen threshold 7372 Howl Bitmap #cards 1024 size 144 coarsen threshold 921 Card regions per heap region 1 cards per card region 8192

Heap:
 garbage-first heap   total 0K, used 0K [0x0000000684c00000, 0x0000000800000000)
  region size 4096K, 0 young (0K), 0 survivors (0K)
 Metaspace       used 0K, committed 0K, reserved 0K
  class space    used 0K, committed 0K, reserved 0K

Heap Regions: E=young(eden), S=young(survivor), O=old, HS=humongous(starts), HC=humongous(continues), CS=collection set, F=free, TAMS=top-at-mark-start, PB=parsable bottom

Card table byte_map: [0x0000010cfbfe0000,0x0000010cfcbc0000] _byte_map_base: 0x0000010cf8bba000

Marking Bits: (CMBitMap*) 0x0000010ce6b8b1c0
 Bits: [0x0000010c80000000, 0x0000010c85ed0000)

GC Heap History (0 events):
No events

Dll operation events (1 events):
Event: 0.006 Loaded shared library C:\Program Files\Android\Android Studio\jbr\bin\java.dll

Deoptimization events (0 events):
No events

Classes loaded (0 events):
No events

Classes unloaded (0 events):
No events

Classes redefined (0 events):
No events

Internal exceptions (0 events):
No events

ZGC Phase Switch (0 events):
No events

VM Operations (0 events):
No events

Memory protections (0 events):
No events

Nmethod flushes (0 events):
No events

Events (0 events):
No events


Dynamic libraries:
0x00007ff64ef30000 - 0x00007ff64ef3a000 	C:\Program Files\Android\Android Studio\jbr\bin\java.EXE
0x00007ffdbb740000 - 0x00007ffdbb9a9000 	C:\WINDOWS\SYSTEM32\ntdll.dll
0x00007ffdba7a0000 - 0x00007ffdba869000 	C:\WINDOWS\System32\KERNEL32.DLL
0x00007ffdb9110000 - 0x00007ffdb9503000 	C:\WINDOWS\System32\KERNELBASE.dll
0x00007ffdb8c80000 - 0x00007ffdb8dcb000 	C:\WINDOWS\System32\ucrtbase.dll
0x00007ffd25e60000 - 0x00007ffd25e78000 	C:\Program Files\Android\Android Studio\jbr\bin\jli.dll
0x00007ffd27e00000 - 0x00007ffd27e1b000 	C:\Program Files\Android\Android Studio\jbr\bin\VCRUNTIME140.dll
0x00007ffdb9880000 - 0x00007ffdb9a44000 	C:\WINDOWS\System32\USER32.dll
0x00007ffdb90e0000 - 0x00007ffdb9107000 	C:\WINDOWS\System32\win32u.dll
0x00007ffda09d0000 - 0x00007ffda0c63000 	C:\WINDOWS\WinSxS\amd64_microsoft.windows.common-controls_6595b64144ccf1df_6.0.26100.5074_none_3e0d6f78e32fd63f\COMCTL32.dll
0x00007ffdba970000 - 0x00007ffdba99b000 	C:\WINDOWS\System32\GDI32.dll
0x00007ffdb9730000 - 0x00007ffdb97d9000 	C:\WINDOWS\System32\msvcrt.dll
0x00007ffdb8e80000 - 0x00007ffdb8fad000 	C:\WINDOWS\System32\gdi32full.dll
0x00007ffdb8dd0000 - 0x00007ffdb8e73000 	C:\WINDOWS\System32\msvcp_win.dll
0x00007ffdbaa20000 - 0x00007ffdbaa4f000 	C:\WINDOWS\System32\IMM32.DLL
0x00007ffd862b0000 - 0x00007ffd862bc000 	C:\Program Files\Android\Android Studio\jbr\bin\vcruntime140_1.dll
0x00007ffd1de30000 - 0x00007ffd1debd000 	C:\Program Files\Android\Android Studio\jbr\bin\msvcp140.dll
0x00007ffd27e20000 - 0x00007ffd28aaa000 	C:\Program Files\Android\Android Studio\jbr\bin\server\jvm.dll
0x00007ffdbb360000 - 0x00007ffdbb414000 	C:\WINDOWS\System32\ADVAPI32.dll
0x00007ffdb9630000 - 0x00007ffdb96d6000 	C:\WINDOWS\System32\sechost.dll
0x00007ffdb9510000 - 0x00007ffdb9628000 	C:\WINDOWS\System32\RPCRT4.dll
0x00007ffdbac60000 - 0x00007ffdbacd4000 	C:\WINDOWS\System32\WS2_32.dll
0x00007ffdb8730000 - 0x00007ffdb878e000 	C:\WINDOWS\SYSTEM32\POWRPROF.dll
0x00007ffdabad0000 - 0x00007ffdabb05000 	C:\WINDOWS\SYSTEM32\WINMM.dll
0x00007ffdb1b00000 - 0x00007ffdb1b0b000 	C:\WINDOWS\SYSTEM32\VERSION.dll
0x00007ffdb8710000 - 0x00007ffdb8724000 	C:\WINDOWS\SYSTEM32\UMPDC.dll
0x00007ffdb7680000 - 0x00007ffdb769b000 	C:\WINDOWS\SYSTEM32\kernel.appcore.dll
0x00007ffd6dbe0000 - 0x00007ffd6dbea000 	C:\Program Files\Android\Android Studio\jbr\bin\jimage.dll
0x00007ffdb60c0000 - 0x00007ffdb6302000 	C:\WINDOWS\SYSTEM32\DBGHELP.DLL
0x00007ffdba420000 - 0x00007ffdba79b000 	C:\WINDOWS\System32\combase.dll
0x00007ffdb9a50000 - 0x00007ffdb9b27000 	C:\WINDOWS\System32\OLEAUT32.dll
0x00007ffd9ffc0000 - 0x00007ffd9fffd000 	C:\WINDOWS\SYSTEM32\dbgcore.DLL
0x00007ffdb9040000 - 0x00007ffdb90d9000 	C:\WINDOWS\System32\bcryptPrimitives.dll
0x00007ffd27de0000 - 0x00007ffd27e00000 	C:\Program Files\Android\Android Studio\jbr\bin\java.dll

dbghelp: loaded successfully - version: 4.0.5 - missing functions: none
symbol engine: initialized successfully - sym options: 0x614 - pdb path: .;C:\Program Files\Android\Android Studio\jbr\bin;C:\WINDOWS\SYSTEM32;C:\WINDOWS\WinSxS\amd64_microsoft.windows.common-controls_6595b64144ccf1df_6.0.26100.5074_none_3e0d6f78e32fd63f;C:\Program Files\Android\Android Studio\jbr\bin\server

VM Arguments:
java_command: <unknown>
java_class_path (initial): <not set>
Launcher Type: SUN_STANDARD

[Global flags]
     intx CICompilerCount                          = 12                                        {product} {ergonomic}
     uint ConcGCThreads                            = 3                                         {product} {ergonomic}
     uint G1ConcRefinementThreads                  = 13                                        {product} {ergonomic}
   size_t G1HeapRegionSize                         = 4194304                                   {product} {ergonomic}
    uintx GCDrainStackTargetSize                   = 64                                        {product} {ergonomic}
   size_t InitialHeapSize                          = 398458880                                 {product} {ergonomic}
   size_t MarkStackSize                            = 4194304                                   {product} {ergonomic}
   size_t MaxHeapSize                              = 6362759168                                {product} {ergonomic}
   size_t MinHeapDeltaBytes                        = 4194304                                   {product} {ergonomic}
   size_t MinHeapSize                              = 8388608                                   {product} {ergonomic}
    uintx NonNMethodCodeHeapSize                   = 7602480                                {pd product} {ergonomic}
    uintx NonProfiledCodeHeapSize                  = 122027880                              {pd product} {ergonomic}
    uintx ProfiledCodeHeapSize                     = 122027880                              {pd product} {ergonomic}
    uintx ReservedCodeCacheSize                    = 251658240                              {pd product} {ergonomic}
     bool SegmentedCodeCache                       = true                                      {product} {ergonomic}
   size_t SoftMaxHeapSize                          = 6362759168                             {manageable} {ergonomic}
     bool UseCompressedOops                        = true                           {product lp64_product} {ergonomic}
     bool UseG1GC                                  = true                                      {product} {ergonomic}
     bool UseLargePagesIndividualAllocation        = false                                  {pd product} {ergonomic}

Logging:
Log output configuration:
 #0: stdout all=warning uptime,level,tags foldmultilines=false
 #1: stderr all=off uptime,level,tags foldmultilines=false

Environment Variables:
PATH=C:\Program Files\Python313\Scripts\;C:\Program Files\Python313\;C:\Program Files\Common Files\Oracle\Java\javapath;C:\WINDOWS\system32;C:\WINDOWS;C:\WINDOWS\System32\Wbem;C:\WINDOWS\System32\WindowsPowerShell\v1.0\;C:\WINDOWS\System32\OpenSSH\;C:\Program Files (x86)\NVIDIA Corporation\PhysX\Common;C:\Program Files\NVIDIA Corporation\NVIDIA NvDLISR;C:\Program Files\MySQL\MySQL Server 8.0\bin;C:\Program Files\Python313;C:\Program Files\Python313\Scripts;C:\Program Files\MySQL\MySQL Server 8.0\bin;F:\flutter\bin;E:\Git\cmd;C:\Program Files\Microsoft SQL Server\150\Tools\Binn\;C:\Program Files\Microsoft SQL Server\Client SDK\ODBC\170\Tools\Binn\;C:\Program Files\dotnet\;C:\Program Files (x86)\Windows Kits\10\Windows Performance Toolkit\;C:\ProgramData\chocolatey\bin;C:\shellcheck-v0.10.0;F:\node.js\;C:\Program Files\MySQL\MySQL Shell 8.0\bin\;C:\Users\rrjoe\.cargo\bin;C:\Users\rrjoe\AppData\Local\Microsoft\WindowsApps;C:\Program Files\Python313;C:\Program Files\Python313\Scripts;C:\Program Files\MySQL\MySQL Server 8.0\bin;F:\flutter\bin;C:\Users\rrjoe\AppData\Local\GitHubDesktop\bin;C:\Users\rrjoe\.dotnet\tools;F:\flutter project\Microsoft VS Code\bin;C:\Users\rrjoe\AppData\Roaming\npm;F:\flutter\bin\mingit\cmd
USERNAME=rrjoe
OS=Windows_NT
PROCESSOR_IDENTIFIER=AMD64 Family 25 Model 68 Stepping 1, AuthenticAMD
TMP=F:\Temp
TEMP=F:\Temp




Periodic native trim disabled

JNI global refs:
JNI global refs: 0, weak refs: 0

JNI global refs memory usage: 0, weak refs: 0

Process memory usage:
Resident Set Size: 13040K (0% of 24842968K total physical memory with 5063032K free physical memory)

OOME stack traces (most recent first):
Classloader memory used:

---------------  S Y S T E M  ---------------

OS:
 Windows 11 , 64 bit Build 26100 (10.0.26100.5074)
OS uptime: 0 days 5:27 hours
Hyper-V role detected

CPU: total 16 (initial active 16) (16 cores per cpu, 2 threads per core) family 25 model 68 stepping 1 microcode 0xa404105, cx8, cmov, fxsr, ht, mmx, 3dnowpref, sse, sse2, sse3, ssse3, sse4a, sse4.1, sse4.2, popcnt, lzcnt, tsc, tscinvbit, avx, avx2, aes, erms, clmul, bmi1, bmi2, adx, sha, fma, vzeroupper, clflush, clflushopt, hv, rdtscp, rdpid, fsrm, f16c, cet_ss
Processor Information for processor 0
  Max Mhz: 3100, Current Mhz: 3100, Mhz Limit: 3100
Processor Information for processor 1
  Max Mhz: 3100, Current Mhz: 2469, Mhz Limit: 3100
Processor Information for processor 2
  Max Mhz: 3100, Current Mhz: 3100, Mhz Limit: 3100
Processor Information for processor 3
  Max Mhz: 3100, Current Mhz: 2469, Mhz Limit: 3100
Processor Information for processor 4
  Max Mhz: 3100, Current Mhz: 2469, Mhz Limit: 3100
Processor Information for processor 5
  Max Mhz: 3100, Current Mhz: 3100, Mhz Limit: 3100
Processor Information for processor 6
  Max Mhz: 3100, Current Mhz: 2469, Mhz Limit: 3100
Processor Information for processor 7
  Max Mhz: 3100, Current Mhz: 2469, Mhz Limit: 3100
Processor Information for processor 8
  Max Mhz: 3100, Current Mhz: 3100, Mhz Limit: 3100
Processor Information for processor 9
  Max Mhz: 3100, Current Mhz: 2469, Mhz Limit: 3100
Processor Information for processor 10
  Max Mhz: 3100, Current Mhz: 3100, Mhz Limit: 3100
Processor Information for processor 11
  Max Mhz: 3100, Current Mhz: 2469, Mhz Limit: 3100
Processor Information for processor 12
  Max Mhz: 3100, Current Mhz: 2469, Mhz Limit: 3100
Processor Information for processor 13
  Max Mhz: 3100, Current Mhz: 3100, Mhz Limit: 3100
Processor Information for processor 14
  Max Mhz: 3100, Current Mhz: 2469, Mhz Limit: 3100
Processor Information for processor 15
  Max Mhz: 3100, Current Mhz: 2469, Mhz Limit: 3100

Memory: 4k page, system-wide physical 24260M (4944M free)
TotalPageFile size 31177M (AvailPageFile size 379M)
current process WorkingSet (physical memory assigned to process): 12M, peak: 12M
current process commit charge ("private bytes"): 70M, peak: 450M

vm_info: OpenJDK 64-Bit Server VM (21.0.5+-13047016-b750.29) for windows-amd64 JRE (21.0.5+-13047016-b750.29), built on 2025-02-11T21:12:39Z by "builder" with MS VC++ 16.10 / 16.11 (VS2019)

END.
